[  INFO   ] [class com.fiunam.main.GuiProgram] : Iniciando terminal.
[  INFO   ] [class com.fiunam.main.GuiProgram] : Terminal iniciada con éxito.
[  INFO   ] [class com.fiunam.databases.DatabaseAlumnos] : Alumno registrado: ALUMNO: srcalceto
Número de cuenta: 45435632
Semestre: 1
Lista de Materias:

[  INFO   ] [class com.fiunam.main.GuiProgram] : Finalizando programa.
[  INFO   ] [class com.fiunam.main.GuiProgram] : Iniciando terminal.
[  INFO   ] [class com.fiunam.main.GuiProgram] : Terminal iniciada con éxito.
[  INFO   ] [class com.fiunam.main.GuiProgram] : Finalizando programa.
[  INFO   ] [class com.fiunam.main.GuiProgram] : Iniciando terminal.
[  INFO   ] [class com.fiunam.main.GuiProgram] : Terminal iniciada con éxito.
[  INFO   ] [class com.fiunam.main.GuiProgram] : Finalizando programa.
[  INFO   ] [class com.fiunam.main.GuiProgram] : Iniciando terminal.
[  INFO   ] [class com.fiunam.main.GuiProgram] : Terminal iniciada con éxito.
[  INFO   ] [class com.fiunam.main.GuiProgram] : Finalizando programa.
[  INFO   ] [class com.fiunam.main.GuiProgram] : Iniciando terminal.
[  INFO   ] [class com.fiunam.main.GuiProgram] : Terminal iniciada con éxito.
[  INFO   ] [class com.fiunam.main.GuiProgram] : Finalizando programa.
[  INFO   ] [class com.fiunam.main.GuiProgram] : Iniciando terminal.
[  INFO   ] [class com.fiunam.main.GuiProgram] : Terminal iniciada con éxito.
[  INFO   ] [class com.fiunam.main.GuiProgram] : Iniciando terminal.
[  INFO   ] [class com.fiunam.main.GuiProgram] : Terminal iniciada con éxito.
[  INFO   ] [class com.fiunam.main.GuiProgram] : Iniciando interfaz de alumnos.
[  INFO   ] [class com.fiunam.main.GuiProgram] : Cerrando la interfaz de alumno.
[  INFO   ] [class com.fiunam.main.GuiProgram] : Finalizando programa.
[  INFO   ] [class com.fiunam.main.GuiProgram] : Iniciando terminal.
[  INFO   ] [class com.fiunam.main.GuiProgram] : Terminal iniciada con éxito.
[  INFO   ] [class com.fiunam.main.GuiProgram] : Iniciando interfaz de alumnos.
[  INFO   ] [class com.fiunam.main.GuiProgram] : Cerrando la interfaz de alumno.
[  INFO   ] [class com.fiunam.main.GuiProgram] : Iniciando interfaz de alumnos.
[  INFO   ] [class com.fiunam.main.GuiProgram] : Cerrando la interfaz de alumno.
[  INFO   ] [class com.fiunam.main.GuiProgram] : Iniciando interfaz de alumnos.
[  INFO   ] [class com.fiunam.main.GuiProgram] : Cerrando la interfaz de alumno.
[  INFO   ] [class com.fiunam.main.GuiProgram] : Iniciando terminal.
[  INFO   ] [class com.fiunam.main.GuiProgram] : Terminal iniciada con éxito.
[  INFO   ] [class com.fiunam.main.GuiProgram] : Iniciando interfaz de alumnos.
[  INFO   ] [class com.fiunam.main.GuiProgram] : Cerrando la interfaz de alumno.
[  INFO   ] [class com.fiunam.main.GuiProgram] : Finalizando programa.
[  INFO   ] [class com.fiunam.main.GuiProgram] : Iniciando terminal.
[  INFO   ] [class com.fiunam.main.GuiProgram] : Terminal iniciada con éxito.
[  INFO   ] [class com.fiunam.main.GuiProgram] : Iniciando terminal.
[  INFO   ] [class com.fiunam.main.GuiProgram] : Terminal iniciada con éxito.
[  INFO   ] [class com.fiunam.main.GuiProgram] : Iniciando terminal.
[  INFO   ] [class com.fiunam.main.GuiProgram] : Terminal iniciada con éxito.
[  INFO   ] [class com.fiunam.main.GuiProgram] : Iniciando terminal.
[  INFO   ] [class com.fiunam.main.GuiProgram] : Terminal iniciada con éxito.
[  INFO   ] [class com.fiunam.main.GuiProgram] : Iniciando interfaz de alumnos.
[  INFO   ] [class com.fiunam.main.GuiProgram] : Iniciando terminal.
[  INFO   ] [class com.fiunam.main.GuiProgram] : Terminal iniciada con éxito.
[  INFO   ] [class com.fiunam.main.GuiProgram] : Iniciando interfaz de alumnos.
[  INFO   ] [class com.fiunam.main.GuiProgram] : Cerrando la interfaz de alumno.
[  INFO   ] [class com.fiunam.main.GuiProgram] : Finalizando programa.
[  INFO   ] [class com.fiunam.main.GuiProgram] : Iniciando terminal.
[  INFO   ] [class com.fiunam.main.GuiProgram] : Terminal iniciada con éxito.
[  INFO   ] [class com.fiunam.main.GuiProgram] : Iniciando interfaz de alumnos.
[  INFO   ] [class com.fiunam.main.GuiProgram] : Cerrando la interfaz de alumno.
[  INFO   ] [class com.fiunam.main.GuiProgram] : Iniciando interfaz de alumnos.
[  INFO   ] [class com.fiunam.main.GuiProgram] : Cerrando la interfaz de alumno.
[  INFO   ] [class com.fiunam.main.GuiProgram] : Finalizando programa.
[  INFO   ] [class com.fiunam.main.GuiProgram] : Iniciando terminal.
[  INFO   ] [class com.fiunam.main.GuiProgram] : Terminal iniciada con éxito.
[  INFO   ] [class com.fiunam.main.GuiProgram] : Iniciando interfaz de alumnos.
[  INFO   ] [class com.fiunam.main.GuiProgram] : Cerrando la interfaz de alumno.
[  INFO   ] [class com.fiunam.main.GuiProgram] : Finalizando programa.
[  INFO   ] [class com.fiunam.main.GuiProgram] : Iniciando terminal.
[  INFO   ] [class com.fiunam.main.GuiProgram] : Terminal iniciada con éxito.
[  INFO   ] [class com.fiunam.main.GuiProgram] : Iniciando interfaz de alumnos.
[  INFO   ] [class com.fiunam.main.GuiProgram] : Cerrando la interfaz de alumno.
[  INFO   ] [class com.fiunam.main.GuiProgram] : Finalizando programa.
[  INFO   ] [class com.fiunam.main.GuiProgram] : Iniciando terminal.
[  INFO   ] [class com.fiunam.main.GuiProgram] : Terminal iniciada con éxito.
[  INFO   ] [class com.fiunam.main.GuiProgram] : Iniciando interfaz de alumnos.
[  INFO   ] [class com.fiunam.main.GuiProgram] : Cerrando la interfaz de alumno.
[  INFO   ] [class com.fiunam.main.GuiProgram] : Finalizando programa.
[  INFO   ] [class com.fiunam.main.GuiProgram] : Iniciando terminal.
[  INFO   ] [class com.fiunam.main.GuiProgram] : Terminal iniciada con éxito.
[  INFO   ] [class com.fiunam.main.GuiProgram] : Iniciando interfaz de alumnos.
[  INFO   ] [class com.fiunam.main.GuiProgram] : Cerrando la interfaz de alumno.
[  INFO   ] [class com.fiunam.main.GuiProgram] : Finalizando programa.
[  INFO   ] [class com.fiunam.main.GuiProgram] : Iniciando terminal.
[  INFO   ] [class com.fiunam.main.GuiProgram] : Terminal iniciada con éxito.
[  INFO   ] [class com.fiunam.main.GuiProgram] : Iniciando interfaz de alumnos.
[  INFO   ] [class com.fiunam.main.GuiProgram] : Cerrando la interfaz de alumno.
[  INFO   ] [class com.fiunam.main.GuiProgram] : Finalizando programa.
[  INFO   ] [class com.fiunam.main.GuiProgram] : Iniciando terminal.
[  INFO   ] [class com.fiunam.main.GuiProgram] : Terminal iniciada con éxito.
[  INFO   ] [class com.fiunam.main.GuiProgram] : Iniciando interfaz de alumnos.
[  INFO   ] [class com.fiunam.main.GuiProgram] : Cerrando la interfaz de alumno.
[  INFO   ] [class com.fiunam.main.GuiProgram] : Finalizando programa.
[  INFO   ] [class com.fiunam.main.GuiProgram] : Iniciando terminal.
[  INFO   ] [class com.fiunam.main.GuiProgram] : Terminal iniciada con éxito.
[  INFO   ] [class com.fiunam.main.GuiProgram] : Iniciando interfaz de alumnos.
[  INFO   ] [class com.fiunam.main.GuiProgram] : Cerrando la interfaz de alumno.
[  INFO   ] [class com.fiunam.main.GuiProgram] : Finalizando programa.
[  INFO   ] [class com.fiunam.main.GuiProgram] : Iniciando terminal.
[  INFO   ] [class com.fiunam.main.GuiProgram] : Terminal iniciada con éxito.
[  INFO   ] [class com.fiunam.main.GuiProgram] : Iniciando interfaz de alumnos.
[  INFO   ] [class com.fiunam.main.GuiProgram] : Cerrando la interfaz de alumno.
[  INFO   ] [class com.fiunam.main.GuiProgram] : Finalizando programa.
[  INFO   ] [class com.fiunam.main.GuiProgram] : Iniciando terminal.
[  INFO   ] [class com.fiunam.main.GuiProgram] : Terminal iniciada con éxito.
[  INFO   ] [class com.fiunam.main.GuiProgram] : Iniciando interfaz de alumnos.
[  INFO   ] [class com.fiunam.main.GuiProgram] : Cerrando la interfaz de alumno.
[  INFO   ] [class com.fiunam.main.GuiProgram] : Finalizando programa.
[  INFO   ] [class com.fiunam.main.GuiProgram] : Iniciando terminal.
[  INFO   ] [class com.fiunam.main.GuiProgram] : Terminal iniciada con éxito.
[  INFO   ] [class com.fiunam.main.GuiProgram] : Iniciando interfaz de alumnos.
[  INFO   ] [class com.fiunam.main.GuiProgram] : Cerrando la interfaz de alumno.
[  INFO   ] [class com.fiunam.main.GuiProgram] : Finalizando programa.
[  INFO   ] [class com.fiunam.main.GuiProgram] : Iniciando terminal.
[  INFO   ] [class com.fiunam.main.GuiProgram] : Terminal iniciada con éxito.
[  INFO   ] [class com.fiunam.main.GuiProgram] : Finalizando programa.
[  INFO   ] [class com.fiunam.main.GuiProgram] : Iniciando terminal.
[  INFO   ] [class com.fiunam.main.GuiProgram] : Terminal iniciada con éxito.
[  INFO   ] [class com.fiunam.main.GuiProgram] : Iniciando interfaz de alumnos.
[  INFO   ] [class com.fiunam.main.GuiProgram] : Cerrando la interfaz de alumno.
[  INFO   ] [class com.fiunam.main.GuiProgram] : Finalizando programa.
[  INFO   ] [class com.fiunam.main.GuiProgram] : Iniciando terminal.
[  INFO   ] [class com.fiunam.main.GuiProgram] : Terminal iniciada con éxito.
[  INFO   ] [class com.fiunam.main.GuiProgram] : Iniciando interfaz de alumnos.
[  INFO   ] [class com.fiunam.main.GuiProgram] : Cerrando la interfaz de alumno.
[  INFO   ] [class com.fiunam.main.GuiProgram] : Finalizando programa.
[  INFO   ] [class com.fiunam.main.GuiProgram] : Iniciando terminal.
[  INFO   ] [class com.fiunam.main.GuiProgram] : Terminal iniciada con éxito.
[  INFO   ] [class com.fiunam.main.GuiProgram] : Iniciando interfaz de alumnos.
[  INFO   ] [class com.fiunam.main.GuiProgram] : Cerrando la interfaz de alumno.
[  INFO   ] [class com.fiunam.main.GuiProgram] : Iniciando interfaz de alumnos.
[  INFO   ] [class com.fiunam.main.GuiProgram] : Cerrando la interfaz de alumno.
[  INFO   ] [class com.fiunam.main.GuiProgram] : Finalizando programa.
[  INFO   ] [class com.fiunam.main.GuiProgram] : Iniciando terminal.
[  INFO   ] [class com.fiunam.main.GuiProgram] : Terminal iniciada con éxito.
[  INFO   ] [class com.fiunam.main.GuiProgram] : Iniciando interfaz de alumnos.
[  INFO   ] [class com.fiunam.main.GuiProgram] : Cerrando la interfaz de alumno.
[  INFO   ] [class com.fiunam.main.GuiProgram] : Iniciando interfaz de alumnos.
[  INFO   ] [class com.fiunam.main.GuiProgram] : Iniciando terminal.
[  INFO   ] [class com.fiunam.main.GuiProgram] : Terminal iniciada con éxito.
[  INFO   ] [class com.fiunam.main.GuiProgram] : Iniciando interfaz de alumnos.
[  INFO   ] [class com.fiunam.main.GuiProgram] : Cerrando la interfaz de alumno.
[  INFO   ] [class com.fiunam.main.GuiProgram] : Finalizando programa.
[  INFO   ] [class com.fiunam.main.GuiProgram] : Iniciando terminal.
[  INFO   ] [class com.fiunam.main.GuiProgram] : Terminal iniciada con éxito.
[  INFO   ] [class com.fiunam.main.GuiProgram] : Iniciando interfaz de alumnos.
[  INFO   ] [class com.fiunam.main.GuiProgram] : Cerrando la interfaz de alumno.
[  INFO   ] [class com.fiunam.main.GuiProgram] : Finalizando programa.
[  INFO   ] [class com.fiunam.main.GuiProgram] : Iniciando terminal.
[  INFO   ] [class com.fiunam.main.GuiProgram] : Terminal iniciada con éxito.
[  INFO   ] [class com.fiunam.main.GuiProgram] : Iniciando interfaz de alumnos.
[  INFO   ] [class com.fiunam.main.GuiProgram] : Iniciando terminal.
[  INFO   ] [class com.fiunam.main.GuiProgram] : Terminal iniciada con éxito.
[  INFO   ] [class com.fiunam.main.GuiProgram] : Iniciando interfaz de alumnos.
[  INFO   ] [class com.fiunam.main.GuiProgram] : Cerrando la interfaz de alumno.
[  INFO   ] [class com.fiunam.main.GuiProgram] : Finalizando programa.
[  INFO   ] [class com.fiunam.main.GuiProgram] : Iniciando terminal.
[  INFO   ] [class com.fiunam.main.GuiProgram] : Terminal iniciada con éxito.
[  INFO   ] [class com.fiunam.main.GuiProgram] : Iniciando interfaz de alumnos.
[  INFO   ] [class com.fiunam.main.GuiProgram] : Cerrando la interfaz de alumno.
[  INFO   ] [class com.fiunam.main.GuiProgram] : Finalizando programa.
[  INFO   ] [class com.fiunam.main.GuiProgram] : Iniciando terminal.
[  INFO   ] [class com.fiunam.main.GuiProgram] : Terminal iniciada con éxito.
[  INFO   ] [class com.fiunam.main.GuiProgram] : Iniciando terminal.
[  INFO   ] [class com.fiunam.main.GuiProgram] : Terminal iniciada con éxito.
[  INFO   ] [class com.fiunam.main.GuiProgram] : Iniciando terminal.
[  INFO   ] [class com.fiunam.main.GuiProgram] : Terminal iniciada con éxito.
[  INFO   ] [class com.fiunam.main.GuiProgram] : Iniciando terminal.
[  INFO   ] [class com.fiunam.main.GuiProgram] : Terminal iniciada con éxito.
[  INFO   ] [class com.fiunam.main.GuiProgram] : Iniciando terminal.
[  INFO   ] [class com.fiunam.main.GuiProgram] : Terminal iniciada con éxito.
[  INFO   ] [class com.fiunam.main.GuiProgram] : Iniciando interfaz de alumnos.
[  INFO   ] [class com.fiunam.main.GuiProgram] : Cerrando la interfaz de alumno.
[  INFO   ] [class com.fiunam.main.GuiProgram] : Finalizando programa.
[  INFO   ] [class com.fiunam.main.GuiProgram] : Iniciando terminal.
[  INFO   ] [class com.fiunam.main.GuiProgram] : Terminal iniciada con éxito.
[  INFO   ] [class com.fiunam.main.GuiProgram] : Iniciando terminal.
[  INFO   ] [class com.fiunam.main.GuiProgram] : Terminal iniciada con éxito.
[  INFO   ] [class com.fiunam.main.GuiProgram] : Iniciando terminal.
[  INFO   ] [class com.fiunam.main.GuiProgram] : Terminal iniciada con éxito.
[  INFO   ] [class com.fiunam.main.GuiProgram] : Iniciando terminal.
[  INFO   ] [class com.fiunam.main.GuiProgram] : Terminal iniciada con éxito.
[  INFO   ] [class com.fiunam.main.GuiProgram] : Iniciando terminal.
[  INFO   ] [class com.fiunam.main.GuiProgram] : Terminal iniciada con éxito.
[  INFO   ] [class com.fiunam.main.GuiProgram] : Iniciando interfaz de alumnos.
[  INFO   ] [class com.fiunam.main.GuiProgram] : Cerrando la interfaz de alumno.
[  INFO   ] [class com.fiunam.main.GuiProgram] : Finalizando programa.
[  INFO   ] [class com.fiunam.main.GuiProgram] : Iniciando terminal.
[  INFO   ] [class com.fiunam.main.GuiProgram] : Terminal iniciada con éxito.
[  INFO   ] [class com.fiunam.main.GuiProgram] : Iniciando interfaz de alumnos.
[  INFO   ] [class com.fiunam.main.GuiProgram] : Cerrando la interfaz de alumno.
[  INFO   ] [class com.fiunam.main.GuiProgram] : Finalizando programa.
[  INFO   ] [class com.fiunam.main.GuiProgram] : Iniciando terminal.
[  INFO   ] [class com.fiunam.main.GuiProgram] : Terminal iniciada con éxito.
[  INFO   ] [class com.fiunam.main.GuiProgram] : Iniciando interfaz de alumnos.
[  INFO   ] [class com.fiunam.main.GuiProgram] : Cerrando la interfaz de alumno.
[  INFO   ] [class com.fiunam.main.GuiProgram] : Finalizando programa.
[  INFO   ] [class com.fiunam.main.GuiProgram] : Iniciando terminal.
[  INFO   ] [class com.fiunam.main.GuiProgram] : Terminal iniciada con éxito.
[  INFO   ] [class com.fiunam.main.GuiProgram] : Iniciando interfaz de alumnos.
[  INFO   ] [class com.fiunam.main.GuiProgram] : Cerrando la interfaz de alumno.
[  INFO   ] [class com.fiunam.main.GuiProgram] : Finalizando programa.
[  INFO   ] [class com.fiunam.main.GuiProgram] : Iniciando terminal.
[  INFO   ] [class com.fiunam.main.GuiProgram] : Terminal iniciada con éxito.
[  INFO   ] [class com.fiunam.main.GuiProgram] : Iniciando terminal.
[  INFO   ] [class com.fiunam.main.GuiProgram] : Terminal iniciada con éxito.
[  INFO   ] [class com.fiunam.main.GuiProgram] : Iniciando interfaz de alumnos.
[  INFO   ] [class com.fiunam.main.GuiProgram] : Cerrando la interfaz de alumno.
[  INFO   ] [class com.fiunam.main.GuiProgram] : Finalizando programa.
[  INFO   ] [class com.fiunam.main.GuiProgram] : Iniciando terminal.
[  INFO   ] [class com.fiunam.main.GuiProgram] : Terminal iniciada con éxito.
[  INFO   ] [class com.fiunam.main.GuiProgram] : Iniciando interfaz de alumnos.
[  INFO   ] [class com.fiunam.main.GuiProgram] : Cerrando la interfaz de alumno.
[  INFO   ] [class com.fiunam.main.GuiProgram] : Finalizando programa.
[  INFO   ] [class com.fiunam.main.GuiProgram] : Iniciando terminal.
[  INFO   ] [class com.fiunam.main.GuiProgram] : Terminal iniciada con éxito.
[  INFO   ] [class com.fiunam.main.GuiProgram] : Iniciando interfaz de alumnos.
[  INFO   ] [class com.fiunam.main.GuiProgram] : Cerrando la interfaz de alumno.
[  INFO   ] [class com.fiunam.main.GuiProgram] : Finalizando programa.
[  INFO   ] [class com.fiunam.main.GuiProgram] : Iniciando terminal.
[  INFO   ] [class com.fiunam.main.GuiProgram] : Terminal iniciada con éxito.
[  INFO   ] [class com.fiunam.main.GuiProgram] : Iniciando interfaz de alumnos.
[  INFO   ] [class com.fiunam.main.GuiProgram] : Cerrando la interfaz de alumno.
[  INFO   ] [class com.fiunam.main.GuiProgram] : Finalizando programa.
[  INFO   ] [class com.fiunam.main.GuiProgram] : Iniciando terminal.
[  INFO   ] [class com.fiunam.main.GuiProgram] : Terminal iniciada con éxito.
[  INFO   ] [class com.fiunam.main.GuiProgram] : Iniciando interfaz de alumnos.
[  INFO   ] [class com.fiunam.main.GuiProgram] : Cerrando la interfaz de alumno.
[  INFO   ] [class com.fiunam.main.GuiProgram] : Finalizando programa.
[  INFO   ] [class com.fiunam.main.GuiProgram] : Iniciando terminal.
[  INFO   ] [class com.fiunam.main.GuiProgram] : Terminal iniciada con éxito.
[  INFO   ] [class com.fiunam.main.GuiProgram] : Iniciando interfaz de alumnos.
[  INFO   ] [class com.fiunam.main.GuiProgram] : Cerrando la interfaz de alumno.
[  INFO   ] [class com.fiunam.main.GuiProgram] : Finalizando programa.
[  INFO   ] [class com.fiunam.main.GuiProgram] : Iniciando terminal.
[  INFO   ] [class com.fiunam.main.GuiProgram] : Terminal iniciada con éxito.
[  INFO   ] [class com.fiunam.main.GuiProgram] : Iniciando terminal.
[  INFO   ] [class com.fiunam.main.GuiProgram] : Terminal iniciada con éxito.
[  INFO   ] [class com.fiunam.main.GuiProgram] : Iniciando interfaz de alumnos.
[  INFO   ] [class com.fiunam.main.GuiProgram] : Cerrando la interfaz de alumno.
[  INFO   ] [class com.fiunam.main.GuiProgram] : Iniciando interfaz de alumnos.
[  INFO   ] [class com.fiunam.main.GuiProgram] : Cerrando la interfaz de alumno.
[  INFO   ] [class com.fiunam.main.GuiProgram] : Finalizando programa.
[  INFO   ] [class com.fiunam.main.GuiProgram] : Iniciando terminal.
[  INFO   ] [class com.fiunam.main.GuiProgram] : Terminal iniciada con éxito.
[  INFO   ] [class com.fiunam.main.GuiProgram] : Iniciando interfaz de alumnos.
[  INFO   ] [class com.fiunam.main.GuiProgram] : Iniciando terminal.
[  INFO   ] [class com.fiunam.main.GuiProgram] : Terminal iniciada con éxito.
[  INFO   ] [class com.fiunam.main.GuiProgram] : Finalizando programa.
[  INFO   ] [class com.fiunam.main.GuiProgram] : Iniciando terminal.
[  INFO   ] [class com.fiunam.main.GuiProgram] : Terminal iniciada con éxito.
[  INFO   ] [class com.fiunam.databases.DatabaseAlumnos] : Alumno registrado: ALUMNO: a
Número de cuenta: 1
Semestre: 1
Lista de Materias:

[  INFO   ] [class com.fiunam.main.GuiProgram] : Iniciando interfaz de alumnos.
[  INFO   ] [class com.fiunam.main.GuiProgram] : Cerrando la interfaz de alumno.
[  INFO   ] [class com.fiunam.main.GuiProgram] : Finalizando programa.
[  INFO   ] [class com.fiunam.main.GuiProgram] : Iniciando terminal.
[  INFO   ] [class com.fiunam.main.GuiProgram] : Terminal iniciada con éxito.
[  INFO   ] [class com.fiunam.main.GuiProgram] : Iniciando interfaz de alumnos.
[  INFO   ] [class com.fiunam.main.GuiProgram] : Cerrando la interfaz de alumno.
[  INFO   ] [class com.fiunam.main.GuiProgram] : Finalizando programa.
[  INFO   ] [class com.fiunam.main.GuiProgram] : Iniciando terminal.
[  INFO   ] [class com.fiunam.main.GuiProgram] : Terminal iniciada con éxito.
[  INFO   ] [class com.fiunam.main.GuiProgram] : Iniciando interfaz de alumnos.
[  INFO   ] [class com.fiunam.main.GuiProgram] : Cerrando la interfaz de alumno.
[  INFO   ] [class com.fiunam.main.GuiProgram] : Finalizando programa.
[  INFO   ] [class com.fiunam.main.GuiProgram] : Iniciando terminal.
[  INFO   ] [class com.fiunam.main.GuiProgram] : Terminal iniciada con éxito.
[  INFO   ] [class com.fiunam.main.GuiProgram] : Iniciando interfaz de alumnos.
[  INFO   ] [class com.fiunam.main.GuiProgram] : Cerrando la interfaz de alumno.
[  INFO   ] [class com.fiunam.main.GuiProgram] : Iniciando interfaz de alumnos.
[  INFO   ] [class com.fiunam.main.GuiProgram] : Cerrando la interfaz de alumno.
[  INFO   ] [class com.fiunam.main.GuiProgram] : Finalizando programa.
[  INFO   ] [class com.fiunam.main.GuiProgram] : Iniciando terminal.
[  INFO   ] [class com.fiunam.main.GuiProgram] : Terminal iniciada con éxito.
[  INFO   ] [class com.fiunam.main.GuiProgram] : Iniciando interfaz de alumnos.
[  INFO   ] [class com.fiunam.main.GuiProgram] : Cerrando la interfaz de alumno.
[  INFO   ] [class com.fiunam.main.GuiProgram] : Finalizando programa.
[  INFO   ] [class com.fiunam.main.GuiProgram] : Iniciando terminal.
[  INFO   ] [class com.fiunam.main.GuiProgram] : Terminal iniciada con éxito.
[  INFO   ] [class com.fiunam.main.GuiProgram] : Iniciando interfaz de alumnos.
[  INFO   ] [class com.fiunam.main.GuiProgram] : Cerrando la interfaz de alumno.
[  INFO   ] [class com.fiunam.main.GuiProgram] : Finalizando programa.
[  INFO   ] [class com.fiunam.main.GuiProgram] : Iniciando terminal.
[  INFO   ] [class com.fiunam.main.GuiProgram] : Terminal iniciada con éxito.
[  INFO   ] [class com.fiunam.main.GuiProgram] : Iniciando interfaz de alumnos.
[  INFO   ] [class com.fiunam.main.GuiProgram] : Cerrando la interfaz de alumno.
[  INFO   ] [class com.fiunam.main.GuiProgram] : Finalizando programa.
[  INFO   ] [class com.fiunam.main.GuiProgram] : Iniciando terminal.
[  INFO   ] [class com.fiunam.main.GuiProgram] : Terminal iniciada con éxito.
[  INFO   ] [class com.fiunam.main.GuiProgram] : Iniciando interfaz de alumnos.
[  INFO   ] [class com.fiunam.main.GuiProgram] : Cerrando la interfaz de alumno.
[  INFO   ] [class com.fiunam.main.GuiProgram] : Finalizando programa.
[  INFO   ] [class com.fiunam.main.GuiProgram] : Iniciando terminal.
[  INFO   ] [class com.fiunam.main.GuiProgram] : Terminal iniciada con éxito.
[  INFO   ] [class com.fiunam.main.GuiProgram] : Iniciando interfaz de alumnos.
[  INFO   ] [class com.fiunam.main.GuiProgram] : Cerrando la interfaz de alumno.
[  INFO   ] [class com.fiunam.main.GuiProgram] : Finalizando programa.
[  INFO   ] [class com.fiunam.main.GuiProgram] : Iniciando terminal.
[  INFO   ] [class com.fiunam.main.GuiProgram] : Terminal iniciada con éxito.
[  INFO   ] [class com.fiunam.main.GuiProgram] : Iniciando interfaz de alumnos.
[  INFO   ] [class com.fiunam.main.GuiProgram] : Cerrando la interfaz de alumno.
[  INFO   ] [class com.fiunam.main.GuiProgram] : Finalizando programa.
[  INFO   ] [class com.fiunam.main.GuiProgram] : Iniciando terminal.
[  INFO   ] [class com.fiunam.main.GuiProgram] : Terminal iniciada con éxito.
[  INFO   ] [class com.fiunam.main.GuiProgram] : Iniciando interfaz de alumnos.
[  INFO   ] [class com.fiunam.main.GuiProgram] : Cerrando la interfaz de alumno.
[  INFO   ] [class com.fiunam.main.GuiProgram] : Finalizando programa.
[  INFO   ] [class com.fiunam.main.GuiProgram] : Iniciando terminal.
[  INFO   ] [class com.fiunam.main.GuiProgram] : Terminal iniciada con éxito.
[  INFO   ] [class com.fiunam.main.GuiProgram] : Iniciando interfaz de alumnos.
[  INFO   ] [class com.fiunam.main.GuiProgram] : Cerrando la interfaz de alumno.
[  INFO   ] [class com.fiunam.main.GuiProgram] : Finalizando programa.
[  INFO   ] [class com.fiunam.main.GuiProgram] : Iniciando terminal.
[  INFO   ] [class com.fiunam.main.GuiProgram] : Terminal iniciada con éxito.
[  INFO   ] [class com.fiunam.main.GuiProgram] : Iniciando interfaz de alumnos.
[  INFO   ] [class com.fiunam.main.GuiProgram] : Cerrando la interfaz de alumno.
[  INFO   ] [class com.fiunam.main.GuiProgram] : Finalizando programa.
[  INFO   ] [class com.fiunam.main.GuiProgram] : Iniciando terminal.
[  INFO   ] [class com.fiunam.main.GuiProgram] : Terminal iniciada con éxito.
[  INFO   ] [class com.fiunam.main.GuiProgram] : Iniciando interfaz de alumnos.
[  INFO   ] [class com.fiunam.main.GuiProgram] : Cerrando la interfaz de alumno.
[  INFO   ] [class com.fiunam.main.GuiProgram] : Finalizando programa.
[  INFO   ] [class com.fiunam.main.GuiProgram] : Iniciando terminal.
[  INFO   ] [class com.fiunam.main.GuiProgram] : Terminal iniciada con éxito.
[  INFO   ] [class com.fiunam.main.GuiProgram] : Finalizando programa.
[  INFO   ] [class com.fiunam.main.GuiProgram] : Iniciando terminal.
[  INFO   ] [class com.fiunam.main.GuiProgram] : Terminal iniciada con éxito.
[  INFO   ] [class com.fiunam.main.GuiProgram] : Iniciando interfaz de alumnos.
[  INFO   ] [class com.fiunam.main.GuiProgram] : Cerrando la interfaz de alumno.
[  INFO   ] [class com.fiunam.main.GuiProgram] : Finalizando programa.
[  INFO   ] [class com.fiunam.main.GuiProgram] : Iniciando terminal.
[  INFO   ] [class com.fiunam.main.GuiProgram] : Terminal iniciada con éxito.
[  INFO   ] [class com.fiunam.main.GuiProgram] : Iniciando interfaz de alumnos.
[  INFO   ] [class com.fiunam.main.GuiProgram] : Cerrando la interfaz de alumno.
[  INFO   ] [class com.fiunam.main.GuiProgram] : Finalizando programa.
[  INFO   ] [class com.fiunam.main.GuiProgram] : Iniciando terminal.
[  INFO   ] [class com.fiunam.main.GuiProgram] : Terminal iniciada con éxito.
[  INFO   ] [class com.fiunam.main.GuiProgram] : Iniciando interfaz de alumnos.
[  INFO   ] [class com.fiunam.main.GuiProgram] : Cerrando la interfaz de alumno.
[  INFO   ] [class com.fiunam.main.GuiProgram] : Finalizando programa.
[  INFO   ] [class com.fiunam.main.GuiProgram] : Iniciando terminal.
[  INFO   ] [class com.fiunam.main.GuiProgram] : Terminal iniciada con éxito.
[  INFO   ] [class com.fiunam.main.GuiProgram] : Iniciando interfaz de alumnos.
[  INFO   ] [class com.fiunam.main.GuiProgram] : Cerrando la interfaz de alumno.
[  INFO   ] [class com.fiunam.main.GuiProgram] : Finalizando programa.
[  INFO   ] [class com.fiunam.main.GuiProgram] : Iniciando terminal.
[  INFO   ] [class com.fiunam.main.GuiProgram] : Terminal iniciada con éxito.
[  INFO   ] [class com.fiunam.main.GuiProgram] : Iniciando interfaz de alumnos.
[  INFO   ] [class com.fiunam.main.GuiProgram] : Cerrando la interfaz de alumno.
[  INFO   ] [class com.fiunam.main.GuiProgram] : Finalizando programa.
[  INFO   ] [class com.fiunam.main.GuiProgram] : Iniciando terminal.
[  INFO   ] [class com.fiunam.main.GuiProgram] : Terminal iniciada con éxito.
[  INFO   ] [class com.fiunam.main.GuiProgram] : Iniciando interfaz de alumnos.
[  INFO   ] [class com.fiunam.main.GuiProgram] : Cerrando la interfaz de alumno.
[  INFO   ] [class com.fiunam.main.GuiProgram] : Iniciando interfaz de alumnos.
[  INFO   ] [class com.fiunam.main.GuiProgram] : Cerrando la interfaz de alumno.
[  INFO   ] [class com.fiunam.main.GuiProgram] : Finalizando programa.
[  INFO   ] [class com.fiunam.main.GuiProgram] : Iniciando terminal.
[  INFO   ] [class com.fiunam.main.GuiProgram] : Terminal iniciada con éxito.
[  INFO   ] [class com.fiunam.main.GuiProgram] : Iniciando interfaz de alumnos.
[  INFO   ] [class com.fiunam.main.GuiProgram] : Cerrando la interfaz de alumno.
[  INFO   ] [class com.fiunam.main.GuiProgram] : Finalizando programa.
[  INFO   ] [class com.fiunam.main.GuiProgram] : Iniciando terminal.
[  INFO   ] [class com.fiunam.main.GuiProgram] : Terminal iniciada con éxito.
[  INFO   ] [class com.fiunam.main.GuiProgram] : Iniciando interfaz de alumnos.
[  INFO   ] [class com.fiunam.main.GuiProgram] : Cerrando la interfaz de alumno.
[  INFO   ] [class com.fiunam.main.GuiProgram] : Finalizando programa.
[  INFO   ] [class com.fiunam.main.GuiProgram] : Iniciando terminal.
[  INFO   ] [class com.fiunam.main.GuiProgram] : Terminal iniciada con éxito.
[  INFO   ] [class com.fiunam.main.GuiProgram] : Iniciando interfaz de alumnos.
[  INFO   ] [class com.fiunam.main.GuiProgram] : Cerrando la interfaz de alumno.
[  INFO   ] [class com.fiunam.main.GuiProgram] : Finalizando programa.
[  INFO   ] [class com.fiunam.main.GuiProgram] : Iniciando terminal.
[  INFO   ] [class com.fiunam.main.GuiProgram] : Terminal iniciada con éxito.
[  INFO   ] [class com.fiunam.main.GuiProgram] : Iniciando interfaz de alumnos.
[  INFO   ] [class com.fiunam.main.GuiProgram] : Cerrando la interfaz de alumno.
[  INFO   ] [class com.fiunam.main.GuiProgram] : Finalizando programa.
[  INFO   ] [class com.fiunam.main.GuiProgram] : Iniciando terminal.
[  INFO   ] [class com.fiunam.main.GuiProgram] : Terminal iniciada con éxito.
[  INFO   ] [class com.fiunam.main.GuiProgram] : Iniciando interfaz de alumnos.
[  INFO   ] [class com.fiunam.main.GuiProgram] : Cerrando la interfaz de alumno.
[  INFO   ] [class com.fiunam.main.GuiProgram] : Finalizando programa.
[  INFO   ] [class com.fiunam.main.GuiProgram] : Iniciando terminal.
[  INFO   ] [class com.fiunam.main.GuiProgram] : Terminal iniciada con éxito.
[  INFO   ] [class com.fiunam.main.GuiProgram] : Iniciando interfaz de alumnos.
[  INFO   ] [class com.fiunam.main.GuiProgram] : Cerrando la interfaz de alumno.
[  INFO   ] [class com.fiunam.main.GuiProgram] : Finalizando programa.
[  INFO   ] [class com.fiunam.main.GuiProgram] : Iniciando terminal.
[  INFO   ] [class com.fiunam.main.GuiProgram] : Terminal iniciada con éxito.
[  INFO   ] [class com.fiunam.main.GuiProgram] : Iniciando interfaz de alumnos.
[  INFO   ] [class com.fiunam.main.GuiProgram] : Cerrando la interfaz de alumno.
[  INFO   ] [class com.fiunam.main.GuiProgram] : Finalizando programa.
[  INFO   ] [class com.fiunam.main.GuiProgram] : Iniciando terminal.
[  INFO   ] [class com.fiunam.main.GuiProgram] : Terminal iniciada con éxito.
[  INFO   ] [class com.fiunam.main.GuiProgram] : Iniciando interfaz de alumnos.
[  INFO   ] [class com.fiunam.main.GuiProgram] : Cerrando la interfaz de alumno.
[  INFO   ] [class com.fiunam.main.GuiProgram] : Finalizando programa.
[  INFO   ] [class com.fiunam.main.GuiProgram] : Iniciando terminal.
[  INFO   ] [class com.fiunam.main.GuiProgram] : Terminal iniciada con éxito.
[  INFO   ] [class com.fiunam.main.GuiProgram] : Iniciando interfaz de alumnos.
[  INFO   ] [class com.fiunam.main.GuiProgram] : Cerrando la interfaz de alumno.
[  INFO   ] [class com.fiunam.main.GuiProgram] : Finalizando programa.
[  INFO   ] [class com.fiunam.main.GuiProgram] : Iniciando terminal.
[  INFO   ] [class com.fiunam.main.GuiProgram] : Terminal iniciada con éxito.
[  INFO   ] [class com.fiunam.main.GuiProgram] : Iniciando terminal.
[  INFO   ] [class com.fiunam.main.GuiProgram] : Terminal iniciada con éxito.
[  INFO   ] [class com.fiunam.main.GuiProgram] : Iniciando interfaz de alumnos.
[  INFO   ] [class com.fiunam.main.GuiProgram] : Cerrando la interfaz de alumno.
[  INFO   ] [class com.fiunam.main.GuiProgram] : Iniciando interfaz de alumnos.
[  INFO   ] [class com.fiunam.main.GuiProgram] : Cerrando la interfaz de alumno.
[  INFO   ] [class com.fiunam.main.GuiProgram] : Finalizando programa.
[  INFO   ] [class com.fiunam.main.GuiProgram] : Iniciando terminal.
[  INFO   ] [class com.fiunam.main.GuiProgram] : Terminal iniciada con éxito.
[  INFO   ] [class com.fiunam.main.GuiProgram] : Iniciando interfaz de alumnos.
[  INFO   ] [class com.fiunam.main.GuiProgram] : Cerrando la interfaz de alumno.
[  INFO   ] [class com.fiunam.main.GuiProgram] : Iniciando interfaz de alumnos.
[  INFO   ] [class com.fiunam.main.GuiProgram] : Cerrando la interfaz de alumno.
[  INFO   ] [class com.fiunam.main.GuiProgram] : Finalizando programa.
[  INFO   ] [class com.fiunam.main.GuiProgram] : Iniciando terminal.
[  INFO   ] [class com.fiunam.main.GuiProgram] : Terminal iniciada con éxito.
[  INFO   ] [class com.fiunam.main.GuiProgram] : Finalizando programa.
